(-2.08653,-2.22045e-16)(-2.76109,0)(2.34914,-1.11022e-16)(0.812335,-1.17961e-15)(-1.35852,8.11851e-16)(5.65281,0)(-1.13371,-9.88792e-17)(-0.474432,1.11022e-16)
(-0.816966,1.11022e-16)(1.62122,7.21645e-16)(-0.792334,2.22045e-16)(6.60101,4.57967e-16)(-6.94645,-1.79023e-15)(2.10192,-3.88578e-16)(0.508671,-4.16334e-16)(-1.27707,-3.33067e-16)
(-2.36977,-2.77556e-16)(1.41315,-3.33067e-16)(1.81451,3.05311e-16)(-0.634403,-2.16493e-15)(0.873234,1.66533e-16)(1.28266,1.11022e-16)(-1.1425,6.17562e-16)(-0.236884,-2.77556e-16)
(-0.227505,-3.33067e-16)(2.56022,4.44089e-16)(-0.967459,-8.32667e-17)(0.933243,-3.35842e-15)(-0.791899,1.55431e-15)(-2.17797,1.80411e-16)(-0.065535,-1.59595e-16)(1.73691,-2.63678e-16)
(1.62374,1.11022e-16)(1.93741,4.44089e-16)(-1.61191,6.66134e-16)(6.13192,9.99201e-16)(-5.65846,-3.69149e-15)(-2.44741,4.44089e-16)(1.73175,-4.996e-16)(-0.70704,1.38778e-15)
(2.82091,-7.77156e-16)(-0.28556,5.55112e-16)(-3.93649,-2.91434e-16)(-0.277833,-1.26288e-15)(-0.164058,2.22045e-16)(0.209494,-3.88578e-16)(1.52443,4.61436e-16)(1.1091,7.77156e-16)
(2.73303,2.22045e-16)(-3.54007,1.4988e-15)(-1.19822,5.55112e-17)(-0.459232,-6.43929e-15)(0.066201,1.43982e-15)(3.59122,-8.88178e-16)(-0.638342,-4.16334e-16)(0.44541,2.22045e-16)
(4.11136,-9.99201e-16)(2.63174,9.99201e-16)(-2.98194,-2.22045e-16)(7.40167,2.1233e-15)(-8.87713,-7.10543e-15)(-0.260115,1.66533e-16)(-0.659385,6.31439e-16)(-0.366211,5.41234e-16)
(-0.68423,-2.22045e-16)(0.251827,4.44089e-16)(0.90223,-1.11022e-16)(-2.13117,-4.67681e-15)(1.62915,-1.33227e-15)(-1.75352,2.22045e-16)(0.954305,6.55725e-16)(1.83141,-2.42861e-16)
(0.59779,9.99201e-16)(0.362591,3.88578e-16)(2.81661,-2.22045e-16)(2.55862,-5.77316e-15)(-3.66942,-1.08247e-15)(-0.259768,0)(-1.66605,2.63678e-16)(0.259627,1.66533e-16)
(-2.65337,-5.55112e-16)(0.586107,2.27596e-15)(0.13982,-2.22045e-15)(5.15068,0)(-4.35576,-4.57967e-15)(1.23005,-9.4369e-16)(0.147637,-2.56739e-16)(0.754843,1.66533e-15)
(-2.79207,1.33227e-15)(1.00192,-4.44089e-16)(0.139373,2.22045e-16)(-1.63906,-7.82707e-15)(0.693928,7.77156e-16)(4.63038,-1.83187e-15)(0.0480529,-8.32667e-17)(-1.08253,3.05311e-16)
(-3.87648,3.88578e-16)(1.42685,6.66134e-16)(1.33803,0)(1.37912,-2.83107e-15)(-0.629249,-2.96985e-15)(1.79503,-1.44329e-15)(3.35863,1.52656e-16)(-3.79194,7.77156e-16)
(1.08945,1.66533e-16)(2.65206,4.44089e-16)(0.578579,-1.11022e-16)(5.49987,-2.55351e-15)(-6.30743,-5.2458e-15)(-3.35966,1.33227e-15)(1.78207,-1.59942e-15)(-0.934941,6.10623e-16)
(1.2241,-3.88578e-16)(1.21678,2.13718e-15)(1.90551,-6.66134e-16)(-1.3926,-7.75074e-15)(0.214038,-1.02696e-15)(-3.96617,6.93889e-16)(-1.51126,1.58207e-15)(3.30961,-1.33227e-15)
(0.741797,6.66134e-16)(-0.89901,2.22045e-15)(1.53651,-1.77636e-15)(1.32617,-4.77396e-15)(-2.02982,-4.16334e-15)(-3.06845,0)(-0.00586334,3.60822e-15)(3.39866,-2.33147e-15)
(4.16925,1.72085e-15)(-0.977471,5.68989e-16)(-1.76499,-1.77636e-15)(6.29303,-1.70003e-15)(-7.26294,-5.27356e-15)(-1.15682,3.33067e-16)(-0.533369,-3.88578e-16)(2.23331,1.33227e-15)
(1.37663,-1.22125e-15)(-2.21297,1.16573e-15)(-2.77991,1.60982e-15)(-2.87009,-4.44089e-15)(2.19438,-3.55271e-15)(3.42997,-6.66134e-16)(-0.49449,9.66241e-16)(2.35648,1.9984e-15)
(-0.811709,1.88738e-15)(2.23725,-5.55112e-17)(0.89694,-9.4369e-16)(3.74561,-6.43929e-15)(-3.60314,-1.80411e-15)(2.68263,-1.38778e-16)(-2.37601,5.13478e-16)(-1.77157,0)
(0.296502,-6.66134e-16)(0.740792,2.498e-15)(0.449519,-6.66134e-16)(3.59729,-5.96745e-15)(-3.51076,-3.77476e-15)(-2.06289,8.88178e-16)(2.73455,1.26288e-15)(-1.24501,-7.21645e-16)